[0;32mI (13) boot: ESP-IDF v5.1-beta1-378-gea5e0ff298-dirt 2nd stage bootloader[0m
[0;32mI (13) boot: compile time Jun  7 2023 07:48:23[0m
[0;32mI (15) boot: Multicore bootloader[0m
[0;32mI (19) boot: chip revision: v3.1[0m
[0;32mI (23) boot.esp32: SPI Speed      : 40MHz[0m
[0;32mI (27) boot.esp32: SPI Mode       : DIO[0m
[0;32mI (32) boot.esp32: SPI Flash Size : 4MB[0m
[0;32mI (36) boot: Enabling RNG early entropy source...[0m
[0;32mI (42) boot: Partition Table:[0m
[0;32mI (45) boot: ## Label            Usage          Type ST Offset   Length[0m
[0;32mI (53) boot:  0 nvs              WiFi data        01 02 00009000 00006000[0m
[0;32mI (60) boot:  1 phy_init         RF data          01 01 0000f000 00001000[0m
[0;32mI (67) boot:  2 factory          factory app      00 00 00010000 003f0000[0m
[0;32mI (75) boot: End of partition table[0m
[0;32mI (79) esp_image: segment 0: paddr=00010020 vaddr=3f400020 size=0b100h ( 45312) map[0m
[0;32mI (104) esp_image: segment 1: paddr=0001b128 vaddr=3ffb0000 size=01f6ch (  8044) load[0m
[0;32mI (107) esp_image: segment 2: paddr=0001d09c vaddr=40080000 size=013f4h (  5108) load[0m
[0;32mI (112) esp_image: segment 3: paddr=0001e498 vaddr=00000000 size=01b80h (  7040) [0m
[0;32mI (121) esp_image: segment 4: paddr=00020020 vaddr=400d0020 size=10740h ( 67392) map[0m
[0;32mI (152) boot: Loaded app from partition at offset 0x10000[0m
[0;32mI (152) boot: Disabling RNG early entropy source...[0m
tap_trace,ms,tap_src,seq,int1,int2,pgood,batt_pct,gx,gy,gz,ax,ay,az
tap_trace,1660,0x00,0,0,0,0,100,0,0,0,-129,16286,-471
tap_trace,3317,0x00,0,0,0,0,100,0,0,0,-95,16295,-408
tap_trace,3371,0x00,0,0,0,0,100,0,0,0,-125,16302,-466
tap_trace,3426,0x00,0,0,0,0,100,0,0,0,-103,16325,-457
tap_trace,3480,0x00,0,0,0,0,100,0,0,0,-91,16283,-431
tap_trace,3534,0x00,0,0,0,0,100,0,0,0,-105,16284,-419
tap_trace,3588,0x00,0,0,0,-1,100,0,0,0,-75,16311,-463
tap_trace,3658,0x00,0,0,0,-1,100,0,0,0,-124,16297,-437
tap_trace,3712,0x00,0,0,0,-1,100,0,0,0,-138,16305,-436
tap_trace,3766,0x00,0,0,0,-1,100,0,0,0,-101,16297,-493
tap_trace,3820,0x00,0,0,0,-1,100,0,0,0,-108,16294,-462
tap_trace,3875,0x00,0,0,0,-1,100,0,0,0,-108,16300,-435
tap_trace,3944,0x00,0,0,0,-1,100,0,0,0,-88,16297,-486
tap_trace,3999,0x00,0,0,0,-1,100,0,0,0,-107,16299,-461
tap_trace,4053,0x00,0,0,0,-1,100,0,0,0,-88,16293,-456
tap_trace,4107,0x00,0,0,0,-1,100,0,0,0,-100,16293,-451
tap_trace,4161,0x00,0,0,0,-1,100,0,0,0,-138,16270,-440
tap_trace,4231,0x00,0,0,0,-1,100,0,0,0,-53,16300,-429
tap_trace,4285,0x00,0,0,0,-1,100,0,0,0,-82,16298,-407
tap_trace,4339,0x00,0,0,0,-1,100,0,0,0,-88,16300,-471
tap_trace,4393,0x00,0,0,0,-1,100,0,0,0,-102,16277,-405
tap_trace,4447,0x00,0,0,0,-1,100,0,0,0,-106,16284,-407
tap_trace,4517,0x00,0,0,0,-1,100,0,0,0,-89,16268,-451
tap_trace,4571,0x00,0,0,0,-1,100,0,0,0,-80,16290,-423
tap_trace,4626,0x00,0,0,0,-1,100,0,0,0,-105,16298,-516
tap_trace,4680,0x00,0,0,0,-1,100,0,0,0,-104,16296,-370
tap_trace,4734,0x00,0,0,0,-1,100,0,0,0,-95,16292,-415
tap_trace,4804,0x00,0,0,0,-1,100,0,0,0,-100,16296,-443
tap_trace,4858,0x00,0,0,0,-1,100,0,0,0,-82,16327,-429
tap_trace,4912,0x00,0,0,0,-1,100,0,0,0,-105,16278,-464
tap_trace,4966,0x00,0,0,0,-1,100,0,0,0,-114,16295,-425
tap_trace,5020,0x00,0,0,0,-1,100,0,0,0,-132,16291,-424
tap_trace,5090,0x00,0,0,0,-1,100,0,0,0,-62,16252,-444
tap_trace,5144,0x00,0,0,0,-1,100,0,0,0,-101,16304,-390
tap_trace,5198,0x00,0,0,0,-1,100,0,0,0,-93,16249,-454
tap_trace,5252,0x00,0,0,0,-1,100,0,0,0,-103,16309,-381
tap_trace,5307,0x00,0,0,0,-1,100,0,0,0,-123,16327,-447
tap_trace,5376,0x00,0,0,0,-1,100,0,0,0,-119,16281,-469
tap_trace,5431,0x00,0,0,0,-1,100,0,0,0,-78,16283,-388
tap_trace,5485,0x00,0,0,0,-1,100,0,0,0,-95,16270,-473
tap_trace,5539,0x00,0,0,0,-1,100,0,0,0,-92,16291,-433
tap_trace,5593,0x00,0,0,0,-1,100,0,0,0,-108,16294,-458
tap_trace,5663,0x00,0,0,0,-1,100,0,0,0,-126,16308,-403
tap_trace,5717,0x00,0,0,0,-1,100,0,0,0,-81,16316,-468
tap_trace,5771,0x00,0,0,0,-1,100,0,0,0,-73,16288,-457
tap_trace,5825,0x00,0,0,0,-1,100,0,0,0,-118,16338,-450
tap_trace,5879,0x00,0,0,0,-1,100,0,0,0,-77,16290,-436
tap_trace,5949,0x00,0,0,0,-1,100,0,0,0,-98,16311,-466
tap_trace,6003,0x00,0,0,0,-1,100,0,0,0,-107,16320,-393
tap_trace,6058,0x00,0,0,0,-1,100,0,0,0,-114,16278,-468
tap_trace,6112,0x00,0,0,0,-1,100,0,0,0,-100,16310,-405
tap_trace,6166,0x00,0,0,0,-1,100,0,0,0,-103,16293,-463
tap_trace,6236,0x00,0,0,0,-1,100,0,0,0,-104,16286,-409
tap_trace,6290,0x00,0,0,0,-1,100,0,0,0,-100,16325,-403
tap_trace,6344,0x00,0,0,0,-1,100,0,0,0,-99,16292,-446
tap_trace,6398,0x00,0,0,0,-1,100,0,0,0,-93,16324,-411
tap_trace,6452,0x00,0,0,0,-1,100,0,0,0,-108,16273,-420
tap_trace,6522,0x00,0,0,0,-1,100,0,0,0,-73,16313,-437
tap_trace,6576,0x00,0,0,0,-1,100,0,0,0,-116,16314,-451
tap_trace,6630,0x00,0,0,0,-1,100,0,0,0,-111,16312,-443
tap_trace,6684,0x00,0,0,0,-1,100,0,0,0,-105,16272,-426
tap_trace,6739,0x00,0,0,0,-1,100,0,0,0,-102,16306,-460
tap_trace,6808,0x00,0,0,0,-1,100,0,0,0,-80,16244,-419
tap_trace,6863,0x00,0,0,0,-1,100,0,0,0,-120,16216,-460
tap_trace,6917,0x00,0,0,0,-1,100,0,0,0,-109,16305,-413
tap_trace,6971,0x00,0,0,0,-1,100,0,0,0,-98,16319,-430
tap_trace,7025,0x00,0,0,0,-1,100,0,0,0,-90,16299,-436
tap_trace,7095,0x00,0,0,0,-1,100,0,0,0,-89,16344,-426
tap_trace,7149,0x00,0,0,0,-1,100,0,0,0,-104,16270,-437
tap_trace,7203,0x00,0,0,0,-1,100,0,0,0,-136,16316,-389
tap_trace,7257,0x00,0,0,0,-1,100,0,0,0,-93,16298,-427
tap_trace,7311,0x00,0,0,0,-1,100,0,0,0,-99,16271,-459
tap_trace,7381,0x00,0,0,0,-1,100,0,0,0,-64,16320,-422
tap_trace,7435,0x00,0,0,0,-1,100,0,0,0,-100,16249,-451
tap_trace,7489,0x00,0,0,0,-1,100,0,0,0,-83,16291,-439
tap_trace,7544,0x00,0,0,0,-1,100,0,0,0,-148,16291,-422
tap_trace,7598,0x00,0,0,0,-1,100,0,0,0,-82,16272,-462
tap_trace,7668,0x00,0,0,0,-1,100,0,0,0,-80,16307,-398
tap_trace,7722,0x00,0,0,0,-1,100,0,0,0,-77,16318,-493
tap_trace,7776,0x00,0,0,0,-1,100,0,0,0,-83,16293,-381
tap_trace,7830,0x00,0,0,0,-1,100,0,0,0,-106,16318,-454
tap_trace,7884,0x00,0,0,0,-1,100,0,0,0,-75,16287,-445
tap_trace,7954,0x00,0,0,0,-1,100,0,0,0,-104,16296,-397
tap_trace,8008,0x00,0,0,0,-1,100,0,0,0,-110,16294,-455
tap_trace,8062,0x00,0,0,0,-1,100,0,0,0,-102,16289,-420
tap_trace,8116,0x00,0,0,0,-1,100,0,0,0,-87,16318,-447
tap_trace,8171,0x00,0,0,0,-1,100,0,0,0,-101,16296,-443
tap_trace,8240,0x00,0,0,0,-1,100,0,0,0,-97,16283,-428
tap_trace,8295,0x00,0,0,0,-1,100,0,0,0,-117,16314,-448
tap_trace,8349,0x00,0,0,0,-1,100,0,0,0,-98,16275,-437
tap_trace,8403,0x00,0,0,0,-1,100,0,0,0,-108,16310,-425
tap_trace,8457,0x00,0,0,0,-1,100,0,0,0,-69,16303,-384
tap_trace,8527,0x00,0,0,0,-1,100,0,0,0,-126,16264,-466
tap_trace,8581,0x00,0,0,0,-1,100,0,0,0,-64,16289,-381
tap_trace,8635,0x00,0,0,0,-1,100,0,0,0,-116,16287,-463
tap_trace,8689,0x00,0,0,0,-1,100,0,0,0,-98,16309,-424
tap_trace,8743,0x00,0,0,0,-1,100,0,0,0,-89,16301,-436
tap_trace,8813,0x00,0,0,0,-1,100,0,0,0,-114,16286,-452
tap_trace,8867,0x00,0,0,0,-1,100,0,0,0,-105,16262,-411
tap_trace,8921,0x00,0,0,0,-1,100,0,0,0,-104,16312,-434
tap_trace,8976,0x00,0,0,0,-1,100,0,0,0,-107,16306,-469
tap_trace,9030,0x00,0,0,0,-1,100,0,0,0,-146,16289,-416
tap_trace,9100,0x00,0,0,0,-1,100,0,0,0,-118,16300,-468
tap_trace,9154,0x00,0,0,0,-1,100,0,0,0,-100,16315,-445
tap_trace,9208,0x00,0,0,0,-1,100,0,0,0,-88,16309,-477
tap_trace,9262,0x00,0,0,0,-1,100,0,0,0,-97,16329,-424
tap_trace,9316,0x00,0,0,0,-1,100,0,0,0,-112,16321,-425
tap_trace,9386,0x00,0,0,0,-1,100,0,0,0,-89,16266,-445
tap_trace,9440,0x00,0,0,0,-1,100,0,0,0,-132,16330,-428
tap_trace,9494,0x00,0,0,0,-1,100,0,0,0,-74,16289,-443
tap_trace,9548,0x00,0,0,0,-1,100,0,0,0,-96,16296,-445
tap_trace,9603,0x00,0,0,0,-1,100,0,0,0,-99,16278,-369
tap_trace,9672,0x00,0,0,0,-1,100,0,0,0,-82,16290,-486
tap_trace,9727,0x00,0,0,0,-1,100,0,0,0,-123,16344,-419
tap_trace,9781,0x00,0,0,0,-1,100,0,0,0,-87,16289,-464
tap_trace,9835,0x00,0,0,0,-1,100,0,0,0,-107,16307,-404
tap_trace,9889,0x00,0,0,0,-1,100,0,0,0,-83,16281,-430
tap_trace,9959,0x00,0,0,0,-1,100,0,0,0,-110,16291,-466
tap_trace,10013,0x00,0,0,0,-1,100,0,0,0,-81,16316,-456
tap_trace,10067,0x00,0,0,0,-1,100,0,0,0,-118,16302,-456
tap_trace,10121,0x00,0,0,0,-1,100,0,0,0,-87,16295,-452
tap_trace,10175,0x00,0,0,0,-1,100,0,0,0,-86,16286,-437
tap_trace,10245,0x00,0,0,0,-1,100,0,0,0,-95,16260,-474
tap_trace,10299,0x00,0,0,0,-1,100,0,0,0,-77,16312,-389
tap_trace,10353,0x00,0,0,0,-1,100,0,0,0,-98,16322,-479
tap_trace,10408,0x00,0,0,0,-1,100,0,0,0,-111,16342,-422
tap_trace,10462,0x00,0,0,0,-1,100,0,0,0,-83,16316,-384
tap_trace,10532,0x00,0,0,0,-1,100,0,0,0,-121,16301,-489
tap_trace,10586,0x00,0,0,0,-1,100,0,0,0,-106,16304,-447
tap_trace,10640,0x00,0,0,0,-1,100,0,0,0,-92,16306,-428
tap_trace,10694,0x00,0,0,0,-1,100,0,0,0,-100,16343,-423
tap_trace,10748,0x00,0,0,0,-1,100,0,0,0,-89,16341,-499
tap_trace,10818,0x00,0,0,0,-1,100,0,0,0,-79,16299,-382
tap_trace,10872,0x00,0,0,0,-1,100,0,0,0,-98,16295,-417
tap_trace,10926,0x00,0,0,0,-1,100,0,0,0,-98,16330,-413
tap_trace,10980,0x00,0,0,0,-1,100,0,0,0,-74,16307,-442
tap_trace,11035,0x00,0,0,0,-1,100,0,0,0,-137,16300,-428
tap_trace,11104,0x00,0,0,0,-1,100,0,0,0,-94,16286,-426
tap_trace,11159,0x00,0,0,0,-1,100,0,0,0,-67,16268,-465
tap_trace,11213,0x00,0,0,0,-1,100,0,0,0,-116,16318,-425
tap_trace,11267,0x00,0,0,0,-1,100,0,0,0,-80,16289,-468
tap_trace,11321,0x00,0,0,0,-1,100,0,0,0,-100,16308,-446
tap_trace,11391,0x00,0,0,0,-1,100,0,0,0,-70,16290,-441
tap_trace,11445,0x00,0,0,0,-1,100,0,0,0,-114,16267,-446
tap_trace,11499,0x00,0,0,0,-1,100,0,0,0,-120,16294,-423
tap_trace,11553,0x00,0,0,0,-1,100,0,0,0,-89,16307,-456
tap_trace,11607,0x00,0,0,0,-1,100,0,0,0,-104,16309,-416
tap_trace,11677,0x00,0,0,0,-1,100,0,0,0,-60,16284,-419
tap_trace,11731,0x00,0,0,0,-1,100,0,0,0,-93,16318,-459
tap_trace,11785,0x00,0,0,0,-1,100,0,0,0,-122,16318,-452
tap_trace,11840,0x00,0,0,0,-1,100,0,0,0,-87,16293,-429
tap_trace,11894,0x00,0,0,0,-1,100,0,0,0,-116,16294,-452
tap_trace,11964,0x00,0,0,0,-1,100,0,0,0,-79,16291,-417
tap_trace,12018,0x00,0,0,0,-1,100,0,0,0,-117,16299,-435
tap_trace,12072,0x00,0,0,0,-1,100,0,0,0,-130,16285,-446
tap_trace,12126,0x00,0,0,0,-1,100,0,0,0,-94,16288,-450
tap_trace,12180,0x00,0,0,0,-1,100,0,0,0,-117,16316,-445
tap_trace,12250,0x00,0,0,0,-1,100,0,0,0,-58,16278,-453
tap_trace,12304,0x00,0,0,0,-1,100,0,0,0,-88,16288,-447
tap_trace,12358,0x00,0,0,0,-1,100,0,0,0,-135,16275,-426
tap_trace,12412,0x00,0,0,0,-1,100,0,0,0,-55,16281,-441
tap_trace,12467,0x00,0,0,0,-1,100,0,0,0,-108,16317,-443
tap_trace,12536,0x00,0,0,0,-1,100,0,0,0,-98,16299,-435
tap_trace,12591,0x00,0,0,0,-1,100,0,0,0,-75,16298,-461
tap_trace,12645,0x00,0,0,0,-1,100,0,0,0,-134,16310,-438
tap_trace,12699,0x00,0,0,0,-1,100,0,0,0,-85,16298,-427
tap_trace,12753,0x00,0,0,0,-1,100,0,0,0,-97,16303,-439
tap_trace,12823,0x00,0,0,0,-1,100,0,0,0,-93,16300,-411
tap_trace,12877,0x00,0,0,0,-1,100,0,0,0,-110,16287,-497
tap_trace,12931,0x00,0,0,0,-1,100,0,0,0,-92,16287,-426
tap_trace,12985,0x00,0,0,0,-1,100,0,0,0,-106,16322,-444
tap_trace,13039,0x00,0,0,0,-1,100,0,0,0,-90,16306,-437
tap_trace,13109,0x00,0,0,0,-1,100,0,0,0,-103,16295,-429
tap_trace,13163,0x00,0,0,0,-1,100,0,0,0,-102,16314,-457
tap_trace,13217,0x00,0,0,0,-1,100,0,0,0,-121,16294,-446
tap_trace,13272,0x00,0,0,0,-1,100,0,0,0,-119,16312,-439
tap_trace,13326,0x00,0,0,0,-1,100,0,0,0,-110,16272,-421
tap_trace,13395,0x00,0,0,0,-1,100,0,0,0,-87,16283,-416
tap_trace,13450,0x00,0,0,0,-1,100,0,0,0,-80,16330,-444
tap_trace,13504,0x00,0,0,0,-1,100,0,0,0,-88,16285,-452
tap_trace,13558,0x00,0,0,0,-1,100,0,0,0,-110,16314,-455
tap_trace,13612,0x00,0,0,0,-1,100,0,0,0,-88,16312,-458
tap_trace,13682,0x00,0,0,0,-1,100,0,0,0,-122,16298,-425
tap_trace,13736,0x00,0,0,0,-1,100,0,0,0,-102,16301,-460
tap_trace,13790,0x00,0,0,0,-1,100,0,0,0,-97,16302,-458
tap_trace,13844,0x00,0,0,0,-1,100,0,0,0,-83,16317,-404
tap_trace,13898,0x00,0,0,0,-1,100,0,0,0,-109,16315,-431
tap_trace,13968,0x00,0,0,0,-1,100,0,0,0,-114,16265,-424
tap_trace,14022,0x00,0,0,0,-1,100,0,0,0,-94,16303,-398
tap_trace,14077,0x00,0,0,0,-1,100,0,0,0,-91,16293,-472
tap_trace,14131,0x00,0,0,0,-1,100,0,0,0,-80,16296,-442
tap_trace,14185,0x00,0,0,0,-1,100,0,0,0,-149,16309,-428
tap_trace,14255,0x00,0,0,0,-1,100,0,0,0,-74,16289,-433
tap_trace,14309,0x00,0,0,0,-1,100,0,0,0,-120,16316,-427
tap_trace,14363,0x00,0,0,0,-1,100,0,0,0,-114,16305,-460
tap_trace,14417,0x00,0,0,0,-1,100,0,0,0,-85,16312,-445
tap_trace,14471,0x00,0,0,0,-1,100,0,0,0,-84,16313,-422
tap_trace,14541,0x00,0,0,0,-1,100,0,0,0,-112,16283,-476
tap_trace,14595,0x00,0,0,0,-1,100,0,0,0,-122,16283,-424
tap_trace,14649,0x00,0,0,0,-1,100,0,0,0,-105,16280,-442
tap_trace,14704,0x00,0,0,0,-1,100,0,0,0,-83,16314,-482
tap_trace,14758,0x00,0,0,0,-1,100,0,0,0,-112,16325,-420
tap_trace,14827,0x00,0,0,0,-1,100,0,0,0,-118,16292,-469
tap_trace,14882,0x00,0,0,0,-1,100,0,0,0,-104,16297,-417
tap_trace,14936,0x00,0,0,0,-1,100,0,0,0,-132,16303,-450
tap_trace,14990,0x00,0,0,0,-1,100,0,0,0,-65,16280,-447
tap_trace,15044,0x00,0,0,0,-1,100,0,0,0,-120,16326,-443
tap_trace,15114,0x00,0,0,0,-1,100,0,0,0,-77,16305,-417
tap_trace,15168,0x00,0,0,0,-1,100,0,0,0,-104,16291,-467
tap_trace,15222,0x00,0,0,0,-1,100,0,0,0,-127,16313,-384
tap_trace,15276,0x00,0,0,0,-1,100,0,0,0,-61,16315,-443
tap_trace,15330,0x00,0,0,0,-1,100,0,0,0,-108,16324,-445
tap_trace,15400,0x00,0,0,0,-1,100,0,0,0,-66,16295,-424
tap_trace,15455,0x00,0,0,0,-1,100,0,0,0,-130,16292,-468
tap_trace,15509,0x00,0,0,0,-1,100,0,0,0,-118,16298,-408
tap_trace,15563,0x00,0,0,0,-1,100,0,0,0,-97,16309,-443
tap_trace,15617,0x00,0,0,0,-1,100,0,0,0,-101,16264,-443
tap_trace,15687,0x00,0,0,0,-1,100,0,0,0,-100,16286,-388
tap_trace,15741,0x00,0,0,0,-1,100,0,0,0,-96,16318,-467
tap_trace,15795,0x00,0,0,0,-1,100,0,0,0,-135,16315,-431
tap_trace,15849,0x00,0,0,0,-1,100,0,0,0,-78,16310,-464
tap_trace,15903,0x00,0,0,0,-1,100,0,0,0,-94,16266,-428
tap_trace,15973,0x00,0,0,0,-1,100,0,0,0,-95,16295,-449
tap_trace,16027,0x00,0,0,0,-1,100,0,0,0,-108,16316,-432
tap_trace,16081,0x00,0,0,0,-1,100,0,0,0,-118,16289,-461
tap_trace,16136,0x00,0,0,0,-1,100,0,0,0,-92,16302,-431
tap_trace,16190,0x00,0,0,0,-1,100,0,0,0,-75,16279,-434
tap_trace,16259,0x00,0,0,0,-1,100,0,0,0,-66,16272,-455
tap_trace,16314,0x00,0,0,0,-1,100,0,0,0,-94,16317,-410
tap_trace,16368,0x00,0,0,0,-1,100,0,0,0,-81,16286,-460
tap_trace,16422,0x00,0,0,0,-1,100,0,0,0,-94,16297,-430
tap_trace,16476,0x00,0,0,0,-1,100,0,0,0,-83,16336,-456
tap_trace,16546,0x00,0,0,0,-1,100,0,0,0,-107,16305,-428
tap_trace,16600,0x00,0,0,0,-1,100,0,0,0,-99,16296,-448
tap_trace,16654,0x00,0,0,0,-1,100,0,0,0,-118,16289,-425
tap_trace,16708,0x00,0,0,0,-1,100,0,0,0,-84,16316,-462
tap_trace,16762,0x00,0,0,0,-1,100,0,0,0,-134,16290,-441
tap_trace,16832,0x00,0,0,0,-1,100,0,0,0,-106,16290,-437
tap_trace,16886,0x00,0,0,0,-1,100,0,0,0,-73,16297,-451
tap_trace,16941,0x00,0,0,0,-1,100,0,0,0,-88,16294,-435
tap_trace,16995,0x00,0,0,0,-1,100,0,0,0,-75,16292,-421
tap_trace,17049,0x00,0,0,0,-1,100,0,0,0,-89,16307,-447
tap_trace,17119,0x00,0,0,0,-1,100,0,0,0,-95,16301,-436
tap_trace,17173,0x00,0,0,0,-1,100,0,0,0,-121,16324,-440
tap_trace,17227,0x00,0,0,0,-1,100,0,0,0,-82,16313,-440
tap_trace,17281,0x00,0,0,0,-1,100,0,0,0,-84,16291,-452
tap_trace,17335,0x00,0,0,0,-1,100,0,0,0,-98,16283,-452
tap_trace,17405,0x00,0,0,0,-1,100,0,0,0,-79,16288,-410
tap_trace,17459,0x00,0,0,0,-1,100,0,0,0,-126,16295,-454
tap_trace,17513,0x00,0,0,0,-1,100,0,0,0,-135,16299,-439
tap_trace,17568,0x00,0,0,0,-1,100,0,0,0,-108,16287,-451
tap_trace,17622,0x00,0,0,0,-1,100,0,0,0,-107,16299,-486
tap_trace,17691,0x00,0,0,0,-1,100,0,0,0,-103,16313,-400
tap_trace,17746,0x00,0,0,0,-1,100,0,0,0,-83,16270,-500
tap_trace,17800,0x00,0,0,0,-1,100,0,0,0,-100,16268,-400
tap_trace,17854,0x00,0,0,0,-1,100,0,0,0,-91,16300,-459
tap_trace,17908,0x00,0,0,0,-1,100,0,0,0,-127,16277,-438
tap_trace,17978,0x00,0,0,0,-1,100,0,0,0,-133,16301,-412
tap_trace,18032,0x00,0,0,0,-1,100,0,0,0,-117,16274,-434
tap_trace,18086,0x00,0,0,0,-1,100,0,0,0,-93,16292,-417
tap_trace,18140,0x00,0,0,0,-1,100,0,0,0,-95,16265,-491
tap_trace,18194,0x00,0,0,0,-1,100,0,0,0,-119,16281,-406
tap_trace,18264,0x00,0,0,0,-1,100,0,0,0,-99,16309,-415
tap_trace,18319,0x00,0,0,0,-1,100,0,0,0,-94,16287,-454
tap_trace,18373,0x00,0,0,0,-1,100,0,0,0,-93,16301,-422
tap_trace,18427,0x00,0,0,0,-1,100,0,0,0,-112,16322,-443
tap_trace,18481,0x00,0,0,0,-1,100,0,0,0,-82,16298,-417
tap_trace,18551,0x00,0,0,0,-1,100,0,0,0,-107,16279,-402
tap_trace,18605,0x00,0,0,0,-1,100,0,0,0,-79,16329,-432
tap_trace,18659,0x00,0,0,0,-1,100,0,0,0,-97,16307,-436
tap_trace,18713,0x00,0,0,0,-1,100,0,0,0,-81,16308,-415
tap_trace,18767,0x00,0,0,0,-1,100,0,0,0,-94,16327,-422
tap_trace,18837,0x00,0,0,0,-1,100,0,0,0,-104,16279,-461
tap_trace,18891,0x00,0,0,0,-1,100,0,0,0,-81,16293,-384
tap_trace,18945,0x00,0,0,0,-1,100,0,0,0,-93,16289,-459
tap_trace,19000,0x00,0,0,0,-1,100,0,0,0,-97,16330,-393
tap_trace,19054,0x00,0,0,0,-1,100,0,0,0,-58,16304,-442
tap_trace,19123,0x00,0,0,0,-1,100,0,0,0,-92,16274,-484
tap_trace,19178,0x00,0,0,0,-1,100,0,0,0,-90,16314,-397
tap_trace,19232,0x00,0,0,0,-1,100,0,0,0,-90,16267,-461
tap_trace,19286,0x00,0,0,0,-1,100,0,0,0,-144,16302,-415
tap_trace,19340,0x00,0,0,0,-1,100,0,0,0,-88,16291,-429
tap_trace,19410,0x00,0,0,0,-1,100,0,0,0,-97,16292,-437
tap_trace,19464,0x00,0,0,0,-1,100,0,0,0,-95,16327,-417
tap_trace,19518,0x00,0,0,0,-1,100,0,0,0,-70,16316,-434
tap_trace,19572,0x00,0,0,0,-1,100,0,0,0,-124,16294,-456
tap_trace,19626,0x00,0,0,0,-1,100,0,0,0,-97,16307,-434
tap_trace,19696,0x00,0,0,0,-1,100,0,0,0,-93,16308,-429
tap_trace,19750,0x00,0,0,0,-1,100,0,0,0,-104,16311,-441
tap_trace,19805,0x00,0,0,0,-1,100,0,0,0,-95,16285,-400
tap_trace,19859,0x00,0,0,0,-1,100,0,0,0,-122,16280,-480
tap_trace,19913,0x00,0,0,0,-1,100,0,0,0,-59,16278,-426
tap_trace,19983,0x00,0,0,0,-1,100,0,0,0,-98,16303,-409
tap_trace,20037,0x00,0,0,0,-1,100,0,0,0,-120,16281,-447
tap_trace,20091,0x00,0,0,0,-1,100,0,0,0,-89,16311,-418
tap_trace,20145,0x00,0,0,0,-1,100,0,0,0,-112,16294,-480
tap_trace,20199,0x00,0,0,0,-1,100,0,0,0,-107,16299,-441
tap_trace,20269,0x00,0,0,0,-1,100,0,0,0,-83,16285,-403
tap_trace,20323,0x00,0,0,0,-1,100,0,0,0,-91,16271,-433
tap_trace,20377,0x00,0,0,0,-1,100,0,0,0,-113,16278,-389
tap_trace,20432,0x00,0,0,0,-1,100,0,0,0,-106,16331,-458
tap_trace,20486,0x00,0,0,0,-1,100,0,0,0,-94,16234,-445
tap_trace,20555,0x00,0,0,0,-1,100,0,0,0,-104,16331,-422
tap_trace,20610,0x00,0,0,0,-1,100,0,0,0,-119,16307,-428
tap_trace,20664,0x00,0,0,0,-1,100,0,0,0,-88,16299,-388
tap_trace,20718,0x00,0,0,0,-1,100,0,0,0,-85,16293,-421
tap_trace,20772,0x00,0,0,0,-1,100,0,0,0,-89,16254,-468
tap_trace,20842,0x00,0,0,0,-1,100,0,0,0,-117,16318,-407
tap_trace,20896,0x00,0,0,0,-1,100,0,0,0,-116,16300,-445
tap_trace,20950,0x00,0,0,0,-1,100,0,0,0,-80,16310,-412
tap_trace,21004,0x00,0,0,0,-1,100,0,0,0,-119,16317,-434
tap_trace,21058,0x00,0,0,0,-1,100,0,0,0,-102,16266,-460
tap_trace,21128,0x00,0,0,0,-1,100,0,0,0,-94,16322,-431
tap_trace,21182,0x00,0,0,0,-1,100,0,0,0,-88,16321,-416
tap_trace,21237,0x00,0,0,0,-1,100,0,0,0,-104,16281,-424
tap_trace,21291,0x00,0,0,0,-1,100,0,0,0,-119,16287,-450
tap_trace,21345,0x00,0,0,0,-1,100,0,0,0,-97,16287,-446
tap_trace,21415,0x00,0,0,0,-1,100,0,0,0,-132,16320,-441
tap_trace,21469,0x00,0,0,0,-1,100,0,0,0,-110,16285,-449
tap_trace,21523,0x00,0,0,0,-1,100,0,0,0,-91,16275,-425
tap_trace,21577,0x00,0,0,0,-1,100,0,0,0,-107,16301,-445
tap_trace,21631,0x00,0,0,0,-1,100,0,0,0,-103,16289,-422
tap_trace,21701,0x00,0,0,0,-1,100,0,0,0,-104,16282,-448
tap_trace,21755,0x00,0,0,0,-1,100,0,0,0,-105,16295,-467
tap_trace,21809,0x00,0,0,0,-1,100,0,0,0,-87,16299,-447
tap_trace,21864,0x00,0,0,0,-1,100,0,0,0,-126,16296,-434
tap_trace,21918,0x00,0,0,0,-1,100,0,0,0,-69,16284,-465
tap_trace,21987,0x00,0,0,0,-1,100,0,0,0,-108,16319,-432
tap_trace,22042,0x00,0,0,0,-1,100,0,0,0,-60,16263,-451
tap_trace,22096,0x00,0,0,0,-1,100,0,0,0,-112,16313,-449
tap_trace,22150,0x00,0,0,0,-1,100,0,0,0,-109,16330,-440
tap_trace,22204,0x00,0,0,0,-1,100,0,0,0,-95,16303,-429
tap_trace,22274,0x00,0,0,0,-1,100,0,0,0,-111,16288,-438
tap_trace,22328,0x00,0,0,0,-1,100,0,0,0,-133,16306,-450
tap_trace,22382,0x00,0,0,0,-1,100,0,0,0,-95,16325,-392
tap_trace,22436,0x00,0,0,0,-1,100,0,0,0,-122,16305,-433
tap_trace,22490,0x00,0,0,0,-1,100,0,0,0,-110,16309,-461
tap_trace,22560,0x00,0,0,0,-1,100,0,0,0,-89,16292,-403
tap_trace,22614,0x00,0,0,0,-1,100,0,0,0,-114,16327,-455
tap_trace,22669,0x00,0,0,0,-1,100,0,0,0,-79,16319,-448
tap_trace,22723,0x00,0,0,0,-1,100,0,0,0,-82,16313,-420
tap_trace,22777,0x00,0,0,0,-1,100,0,0,0,-116,16295,-419
tap_trace,22847,0x00,0,0,0,-1,100,0,0,0,-114,16269,-461
tap_trace,22901,0x00,0,0,0,-1,100,0,0,0,-93,16273,-434
tap_trace,22955,0x00,0,0,0,-1,100,0,0,0,-100,16271,-459
tap_trace,23009,0x00,0,0,0,-1,100,0,0,0,-103,16274,-427
tap_trace,23063,0x00,0,0,0,-1,100,0,0,0,-106,16292,-457
tap_trace,23133,0x00,0,0,0,-1,100,0,0,0,-92,16295,-437
tap_trace,23187,0x00,0,0,0,-1,100,0,0,0,-117,16300,-410
tap_trace,23241,0x00,0,0,0,-1,100,0,0,0,-66,16324,-448
tap_trace,23296,0x00,0,0,0,-1,100,0,0,0,-93,16307,-424
tap_trace,23350,0x00,0,0,0,-1,100,0,0,0,-87,16270,-455
tap_trace,23419,0x00,0,0,0,-1,100,0,0,0,-79,16292,-449
tap_trace,23474,0x00,0,0,0,-1,100,0,0,0,-101,16307,-447
tap_trace,23528,0x00,0,0,0,-1,100,0,0,0,-92,16291,-432
tap_trace,23582,0x00,0,0,0,-1,100,0,0,0,-74,16330,-447
tap_trace,23636,0x00,0,0,0,-1,100,0,0,0,-101,16294,-490
tap_trace,23706,0x00,0,0,0,-1,100,0,0,0,-89,16316,-409
tap_trace,23760,0x00,0,0,0,-1,100,0,0,0,-84,16275,-478
tap_trace,23814,0x00,0,0,0,-1,100,0,0,0,-105,16254,-408
tap_trace,23868,0x00,0,0,0,-1,100,0,0,0,-104,16354,-429
tap_trace,23922,0x00,0,0,0,-1,100,0,0,0,-78,16284,-440
tap_trace,23992,0x00,0,0,0,-1,100,0,0,0,-110,16298,-381
tap_trace,24046,0x00,0,0,0,-1,100,0,0,0,-106,16312,-471
tap_trace,24101,0x00,0,0,0,-1,100,0,0,0,-114,16284,-441
tap_trace,24155,0x00,0,0,0,-1,100,0,0,0,-100,16305,-446
tap_trace,24209,0x00,0,0,0,-1,100,0,0,0,-96,16294,-431
tap_trace,24279,0x00,0,0,0,-1,100,0,0,0,-105,16279,-448
tap_trace,24333,0x00,0,0,0,-1,100,0,0,0,-90,16327,-401
tap_trace,24387,0x00,0,0,0,-1,100,0,0,0,-97,16312,-487
tap_trace,24441,0x00,0,0,0,-1,100,0,0,0,-97,16289,-424
tap_trace,24495,0x00,0,0,0,-1,100,0,0,0,-100,16277,-403
tap_trace,24565,0x00,0,0,0,-1,100,0,0,0,-98,16289,-459
tap_trace,24619,0x00,0,0,0,-1,100,0,0,0,-73,16301,-407
tap_trace,24673,0x00,0,0,0,-1,100,0,0,0,-72,16276,-450
tap_trace,24728,0x00,0,0,0,-1,100,0,0,0,-105,16283,-460
tap_trace,24782,0x00,0,0,0,-1,100,0,0,0,-81,16299,-376
tap_trace,24851,0x00,0,0,0,-1,100,0,0,0,-104,16254,-449
tap_trace,24906,0x00,0,0,0,-1,100,0,0,0,-106,16295,-457
tap_trace,24960,0x00,0,0,0,-1,100,0,0,0,-90,16302,-391
tap_trace,25014,0x00,0,0,0,-1,100,0,0,0,-119,16311,-434
tap_trace,25068,0x00,0,0,0,-1,100,0,0,0,-70,16308,-436
tap_trace,25138,0x00,0,0,0,-1,100,0,0,0,-92,16291,-453
tap_trace,25192,0x00,0,0,0,-1,100,0,0,0,-102,16296,-447
tap_trace,25246,0x00,0,0,0,-1,100,0,0,0,-86,16298,-442
tap_trace,25300,0x00,0,0,0,-1,100,0,0,0,-89,16266,-466
tap_trace,25354,0x00,0,0,0,-1,100,0,0,0,-97,16303,-425
tap_trace,25424,0x00,0,0,0,-1,100,0,0,0,-77,16290,-470
tap_trace,25478,0x00,0,0,0,-1,100,0,0,0,-90,16282,-436
tap_trace,25533,0x00,0,0,0,-1,100,0,0,0,-82,16299,-448
tap_trace,25587,0x00,0,0,0,-1,100,0,0,0,-89,16316,-452
tap_trace,25641,0x00,0,0,0,-1,100,0,0,0,-103,16297,-420
tap_trace,25711,0x00,0,0,0,-1,100,0,0,0,-96,16274,-458
tap_trace,25765,0x00,0,0,0,-1,100,0,0,0,-110,16305,-426
tap_trace,25819,0x00,0,0,0,-1,100,0,0,0,-88,16305,-423
tap_trace,25873,0x00,0,0,0,-1,100,0,0,0,-91,16327,-421
tap_trace,25927,0x00,0,0,0,-1,100,0,0,0,-89,16304,-445
tap_trace,25997,0x00,0,0,0,-1,100,0,0,0,-103,16303,-432
tap_trace,26051,0x00,0,0,0,-1,100,0,0,0,-110,16298,-459
tap_trace,26105,0x00,0,0,0,-1,100,0,0,0,-98,16313,-452
tap_trace,26159,0x00,0,0,0,-1,100,0,0,0,-98,16294,-422
tap_trace,26214,0x00,0,0,0,-1,100,0,0,0,-114,16310,-442
tap_trace,26283,0x00,0,0,0,-1,100,0,0,0,-108,16278,-422
tap_trace,26338,0x00,0,0,0,-1,100,0,0,0,-120,16290,-428
tap_trace,26392,0x00,0,0,0,-1,100,0,0,0,-118,16283,-484
tap_trace,26446,0x00,0,0,0,-1,100,0,0,0,-91,16302,-376
tap_trace,26500,0x00,0,0,0,-1,100,0,0,0,-105,16303,-449
tap_trace,26570,0x00,0,0,0,-1,100,0,0,0,-92,16272,-432
tap_trace,26624,0x00,0,0,0,-1,100,0,0,0,-79,16306,-438
tap_trace,26678,0x00,0,0,0,-1,100,0,0,0,-103,16290,-441
tap_trace,26732,0x00,0,0,0,-1,100,0,0,0,-109,16282,-397
tap_trace,26786,0x00,0,0,0,-1,100,0,0,0,-95,16296,-468
tap_trace,26856,0x00,0,0,0,-1,100,0,0,0,-93,16286,-431
tap_trace,26910,0x00,0,0,0,-1,100,0,0,0,-115,16306,-441
tap_trace,26965,0x00,0,0,0,-1,100,0,0,0,-86,16325,-441
tap_trace,27019,0x00,0,0,0,-1,100,0,0,0,-92,16315,-462
tap_trace,27073,0x00,0,0,0,-1,100,0,0,0,-90,16321,-412
tap_trace,27143,0x00,0,0,0,-1,100,0,0,0,-94,16282,-431
tap_trace,27197,0x00,0,0,0,-1,100,0,0,0,-75,16300,-468
tap_trace,27251,0x00,0,0,0,-1,100,0,0,0,-90,16287,-422
tap_trace,27305,0x00,0,0,0,-1,100,0,0,0,-96,16327,-460
tap_trace,27359,0x00,0,0,0,-1,100,0,0,0,-111,16311,-414
tap_trace,27429,0x00,0,0,0,-1,100,0,0,0,-99,16339,-462
tap_trace,27483,0x00,0,0,0,-1,100,0,0,0,-78,16309,-427
tap_trace,27537,0x00,0,0,0,-1,100,0,0,0,-117,16314,-433
tap_trace,27592,0x00,0,0,0,-1,100,0,0,0,-109,16263,-422
